# JRE version: 6.0_32-b32
# Java VM: OpenJDK 64-Bit Server VM (23.25-b01 mixed mode linux-amd64 compressed oops)
Heap
 PSYoungGen      total 278464K, used 274077K [0x00000000eaab0000, 0x0000000100000000, 0x0000000100000000)
  eden space 242688K, 100% used [0x00000000eaab0000,0x00000000f97b0000,0x00000000f97b0000)
  from space 35776K, 87% used [0x00000000f97b0000,0x00000000fb657478,0x00000000fbaa0000)
  to   space 56000K, 99% used [0x00000000fc950000,0x00000000ffffab08,0x0000000100000000)
 ParOldGen       total 158400K, used 123156K [0x00000000c0000000, 0x00000000c9ab0000, 0x00000000eaab0000)
  object space 158400K, 77% used [0x00000000c0000000,0x00000000c7845230,0x00000000c9ab0000)
 PSPermGen       total 21248K, used 5591K [0x00000000b5a00000, 0x00000000b6ec0000, 0x00000000c0000000)
  object space 21248K, 26% used [0x00000000b5a00000,0x00000000b5f75de8,0x00000000b6ec0000)
GC Heap History (10 events):
Event: 14.637 GC heap after
Heap after GC invocations=6 (full 0):
 PSYoungGen      total 140992K, used 14912K [0x00000000eaab0000, 0x00000000f4950000, 0x0000000100000000)
  eden space 125504K, 0% used [0x00000000eaab0000,0x00000000eaab0000,0x00000000f2540000)
  from space 15488K, 96% used [0x00000000f3650000,0x00000000f44e0000,0x00000000f4570000)
  to   space 17472K, 0% used [0x00000000f2540000,0x00000000f2540000,0x00000000f3650000)
 ParOldGen       total 84736K, used 22629K [0x00000000c0000000, 0x00000000c52c0000, 0x00000000eaab0000)
  object space 84736K, 26% used [0x00000000c0000000,0x00000000c1619450,0x00000000c52c0000)
 PSPermGen       total 21248K, used 5500K [0x00000000b5a00000, 0x00000000b6ec0000, 0x00000000c0000000)
  object space 21248K, 25% used [0x00000000b5a00000,0x00000000b5f5f050,0x00000000b6ec0000)
}
Event: 15.953 GC heap before
{Heap before GC invocations=7 (full 0):
 PSYoungGen      total 140992K, used 140416K [0x00000000eaab0000, 0x00000000f4950000, 0x0000000100000000)
  eden space 125504K, 100% used [0x00000000eaab0000,0x00000000f2540000,0x00000000f2540000)
  from space 15488K, 96% used [0x00000000f3650000,0x00000000f44e0000,0x00000000f4570000)
  to   space 17472K, 0% used [0x00000000f2540000,0x00000000f2540000,0x00000000f3650000)
 ParOldGen       total 84736K, used 22629K [0x00000000c0000000, 0x00000000c52c0000, 0x00000000eaab0000)
  object space 84736K, 26% used [0x00000000c0000000,0x00000000c1619450,0x00000000c52c0000)
 PSPermGen       total 21248K, used 5553K [0x00000000b5a00000, 0x00000000b6ec0000, 0x00000000c0000000)
  object space 21248K, 26% used [0x00000000b5a00000,0x00000000b5f6c778,0x00000000b6ec0000)
Event: 16.026 GC heap after
Heap after GC invocations=7 (full 0):
 PSYoungGen      total 142976K, used 17472K [0x00000000eaab0000, 0x00000000fd570000, 0x0000000100000000)
  eden space 125504K, 0% used [0x00000000eaab0000,0x00000000eaab0000,0x00000000f2540000)
  from space 17472K, 100% used [0x00000000f2540000,0x00000000f3650000,0x00000000f3650000)
  to   space 27456K, 0% used [0x00000000fbaa0000,0x00000000fbaa0000,0x00000000fd570000)
 ParOldGen       total 84736K, used 37626K [0x00000000c0000000, 0x00000000c52c0000, 0x00000000eaab0000)
  object space 84736K, 44% used [0x00000000c0000000,0x00000000c24be9f0,0x00000000c52c0000)
 PSPermGen       total 21248K, used 5553K [0x00000000b5a00000, 0x00000000b6ec0000, 0x00000000c0000000)
  object space 21248K, 26% used [0x00000000b5a00000,0x00000000b5f6c778,0x00000000b6ec0000)
}
Event: 16.852 GC heap before
{Heap before GC invocations=8 (full 0):
 PSYoungGen      total 142976K, used 142976K [0x00000000eaab0000, 0x00000000fd570000, 0x0000000100000000)
  eden space 125504K, 100% used [0x00000000eaab0000,0x00000000f2540000,0x00000000f2540000)
  from space 17472K, 100% used [0x00000000f2540000,0x00000000f3650000,0x00000000f3650000)
  to   space 27456K, 0% used [0x00000000fbaa0000,0x00000000fbaa0000,0x00000000fd570000)
 ParOldGen       total 84736K, used 37626K [0x00000000c0000000, 0x00000000c52c0000, 0x00000000eaab0000)
  object space 84736K, 44% used [0x00000000c0000000,0x00000000c24be9f0,0x00000000c52c0000)
 PSPermGen       total 21248K, used 5569K [0x00000000b5a00000, 0x00000000b6ec0000, 0x00000000c0000000)
  object space 21248K, 26% used [0x00000000b5a00000,0x00000000b5f705f0,0x00000000b6ec0000)
Event: 16.910 GC heap after
Heap after GC invocations=8 (full 0):
 PSYoungGen      total 270144K, used 27433K [0x00000000eaab0000, 0x00000000fe5b0000, 0x0000000100000000)
  eden space 242688K, 0% used [0x00000000eaab0000,0x00000000eaab0000,0x00000000f97b0000)
  from space 27456K, 99% used [0x00000000fbaa0000,0x00000000fd56a748,0x00000000fd570000)
  to   space 35776K, 0% used [0x00000000f97b0000,0x00000000f97b0000,0x00000000fbaa0000)
 ParOldGen       total 84736K, used 46577K [0x00000000c0000000, 0x00000000c52c0000, 0x00000000eaab0000)
  object space 84736K, 54% used [0x00000000c0000000,0x00000000c2d7c458,0x00000000c52c0000)
 PSPermGen       total 21248K, used 5569K [0x00000000b5a00000, 0x00000000b6ec0000, 0x00000000c0000000)
  object space 21248K, 26% used [0x00000000b5a00000,0x00000000b5f705f0,0x00000000b6ec0000)
}
Event: 18.306 GC heap before
{Heap before GC invocations=9 (full 0):
 PSYoungGen      total 270144K, used 270121K [0x00000000eaab0000, 0x00000000fe5b0000, 0x0000000100000000)
  eden space 242688K, 100% used [0x00000000eaab0000,0x00000000f97b0000,0x00000000f97b0000)
  from space 27456K, 99% used [0x00000000fbaa0000,0x00000000fd56a748,0x00000000fd570000)
  to   space 35776K, 0% used [0x00000000f97b0000,0x00000000f97b0000,0x00000000fbaa0000)
 ParOldGen       total 84736K, used 46577K [0x00000000c0000000, 0x00000000c52c0000, 0x00000000eaab0000)
  object space 84736K, 54% used [0x00000000c0000000,0x00000000c2d7c458,0x00000000c52c0000)
 PSPermGen       total 21248K, used 5585K [0x00000000b5a00000, 0x00000000b6ec0000, 0x00000000c0000000)
  object space 21248K, 26% used [0x00000000b5a00000,0x00000000b5f74588,0x00000000b6ec0000)
Event: 18.402 GC heap after
Heap after GC invocations=9 (full 0):
 PSYoungGen      total 278464K, used 35771K [0x00000000eaab0000, 0x0000000100000000, 0x0000000100000000)
  eden space 242688K, 0% used [0x00000000eaab0000,0x00000000eaab0000,0x00000000f97b0000)
  from space 35776K, 99% used [0x00000000f97b0000,0x00000000fba9edf8,0x00000000fbaa0000)
  to   space 56000K, 0% used [0x00000000fc950000,0x00000000fc950000,0x0000000100000000)
 ParOldGen       total 84736K, used 82516K [0x00000000c0000000, 0x00000000c52c0000, 0x00000000eaab0000)
  object space 84736K, 97% used [0x00000000c0000000,0x00000000c5095178,0x00000000c52c0000)
 PSPermGen       total 21248K, used 5585K [0x00000000b5a00000, 0x00000000b6ec0000, 0x00000000c0000000)
  object space 21248K, 26% used [0x00000000b5a00000,0x00000000b5f74588,0x00000000b6ec0000)
}
Event: 18.425 GC heap before
{Heap before GC invocations=10 (full 1):
 PSYoungGen      total 278464K, used 35771K [0x00000000eaab0000, 0x0000000100000000, 0x0000000100000000)
  eden space 242688K, 0% used [0x00000000eaab0000,0x00000000eaab0000,0x00000000f97b0000)
  from space 35776K, 99% used [0x00000000f97b0000,0x00000000fba9edf8,0x00000000fbaa0000)
  to   space 56000K, 0% used [0x00000000fc950000,0x00000000fc950000,0x0000000100000000)
 ParOldGen       total 84736K, used 82516K [0x00000000c0000000, 0x00000000c52c0000, 0x00000000eaab0000)
  object space 84736K, 97% used [0x00000000c0000000,0x00000000c5095178,0x00000000c52c0000)
 PSPermGen       total 21248K, used 5585K [0x00000000b5a00000, 0x00000000b6ec0000, 0x00000000c0000000)
  object space 21248K, 26% used [0x00000000b5a00000,0x00000000b5f74588,0x00000000b6ec0000)
Event: 19.331 GC heap after
Heap after GC invocations=10 (full 1):
 PSYoungGen      total 278464K, used 31389K [0x00000000eaab0000, 0x0000000100000000, 0x0000000100000000)
  eden space 242688K, 0% used [0x00000000eaab0000,0x00000000eaab0000,0x00000000f97b0000)
  from space 35776K, 87% used [0x00000000f97b0000,0x00000000fb657478,0x00000000fbaa0000)
  to   space 56000K, 0% used [0x00000000fc950000,0x00000000fc950000,0x0000000100000000)
 ParOldGen       total 158400K, used 84734K [0x00000000c0000000, 0x00000000c9ab0000, 0x00000000eaab0000)
  object space 158400K, 53% used [0x00000000c0000000,0x00000000c52bfa90,0x00000000c9ab0000)
 PSPermGen       total 21248K, used 5580K [0x00000000b5a00000, 0x00000000b6ec0000, 0x00000000c0000000)
  object space 21248K, 26% used [0x00000000b5a00000,0x00000000b5f730a0,0x00000000b6ec0000)
}
Event: 20.405 GC heap before
{Heap before GC invocations=11 (full 1):
 PSYoungGen      total 278464K, used 274077K [0x00000000eaab0000, 0x0000000100000000, 0x0000000100000000)
  eden space 242688K, 100% used [0x00000000eaab0000,0x00000000f97b0000,0x00000000f97b0000)
  from space 35776K, 87% used [0x00000000f97b0000,0x00000000fb657478,0x00000000fbaa0000)
  to   space 56000K, 0% used [0x00000000fc950000,0x00000000fc950000,0x0000000100000000)
 ParOldGen       total 158400K, used 84734K [0x00000000c0000000, 0x00000000c9ab0000, 0x00000000eaab0000)
  object space 158400K, 53% used [0x00000000c0000000,0x00000000c52bfa90,0x00000000c9ab0000)
 PSPermGen       total 21248K, used 5591K [0x00000000b5a00000, 0x00000000b6ec0000, 0x00000000c0000000)
  object space 21248K, 26% used [0x00000000b5a00000,0x00000000b5f75de8,0x00000000b6ec0000)

